{"timestamp":"2026-07-17T13:12:16Z","tenant_id":"default","action":"SET","key":"db-pass","prev_hash":"","hash":"112cebebf92f099fd262c81b98b6364008dcb1eb5637074b5af8fe5e465e6fe6"}
{"timestamp":"2026-07-17T13:12:16Z","tenant_id":"default","action":"GET","key":"db-pass","prev_hash":"112cebebf92f099fd262c81b98b6364008dcb1eb5637074b5af8fe5e465e6fe6","hash":"0e53d079e218ad3e164f7acc58fda50c4f835ed13718fac206370c6ad76a8d4e"}
{"timestamp":"2026-07-17T13:12:16Z","tenant_id":"default","action":"LIST","key":"","prev_hash":"0e53d079e218ad3e164f7acc58fda50c4f835ed13718fac206370c6ad76a8d4e","hash":"553e6bf8ca091df6315b5adbf229b42ec6cafb812bc455885e8a25ee7e2266e2"}
{"timestamp":"2026-07-17T13:12:16Z","tenant_id":"default","action":"DELETE","key":"db-pass","prev_hash":"553e6bf8ca091df6315b5adbf229b42ec6cafb812bc455885e8a25ee7e2266e2","hash":"f53c088369c3dfca99a3dae3c21feda24087fe7b920280866ded2126bcc43bbb"}
{"timestamp":"2026-07-17T13:12:16Z","tenant_id":"default","action":"SET","key":"api-key","prev_hash":"f53c088369c3dfca99a3dae3c21feda24087fe7b920280866ded2126bcc43bbb","hash":"e61ac9631e6d2a99df499d812acc04d183d12bd0a225bc63feb5cd2570c4c2f5"}
{"timestamp":"2026-07-17T13:12:16Z","tenant_id":"default","action":"GET","key":"api-key","prev_hash":"e61ac9631e6d2a99df499d812acc04d183d12bd0a225bc63feb5cd2570c4c2f5","hash":"60ea9b2fc034733b818fd55244d1f21c4b06b4ccaf5f2cc0fc93c0e79f9a63b0"}
{"timestamp":"2026-07-17T13:12:16Z","tenant_id":"default","action":"ROTATE","key":"","prev_hash":"60ea9b2fc034733b818fd55244d1f21c4b06b4ccaf5f2cc0fc93c0e79f9a63b0","hash":"585163dc3f28b9f795049373d470b04c7497db56cc89109ad1fc271ad239651c"}
{"timestamp":"2026-07-17T13:12:16Z","tenant_id":"default","action":"GET","key":"api-key","prev_hash":"585163dc3f28b9f795049373d470b04c7497db56cc89109ad1fc271ad239651c","hash":"9e53a766a6dd9f18a98dfabb3e9e9fd06a7907fd4d9d0711d06a184dcb3de0b3"}
{"timestamp":"2026-07-17T13:12:32Z","tenant_id":"default","action":"SET","key":"db-pass","prev_hash":"","hash":"250219fc02f3b01d4ce6cfc4d68493b533d10d2f817b428deb8875a49be29ef6"}
{"timestamp":"2026-07-17T13:12:32Z","tenant_id":"default","action":"GET","key":"db-pass","prev_hash":"250219fc02f3b01d4ce6cfc4d68493b533d10d2f817b428deb8875a49be29ef6","hash":"00e8d77228c6497f7f229c67e13836f4cec730454f8bef2249a0d4fa4fcf54f7"}
{"timestamp":"2026-07-17T13:12:32Z","tenant_id":"default","action":"LIST","key":"","prev_hash":"00e8d77228c6497f7f229c67e13836f4cec730454f8bef2249a0d4fa4fcf54f7","hash":"452118880a526c58d59236bf42f8d3bd4d5a24a0771bc2c6099a6cccf4f0785c"}
{"timestamp":"2026-07-17T13:12:32Z","tenant_id":"default","action":"DELETE","key":"db-pass","prev_hash":"452118880a526c58d59236bf42f8d3bd4d5a24a0771bc2c6099a6cccf4f0785c","hash":"5cf6b4db21e314f09e356f251f1d0e8f0a23fc601133abc075ec6321b65de546"}
{"timestamp":"2026-07-17T13:12:32Z","tenant_id":"default","action":"SET","key":"api-key","prev_hash":"5cf6b4db21e314f09e356f251f1d0e8f0a23fc601133abc075ec6321b65de546","hash":"28b37866087fcfeb6bbbb303d817c8e9f5dca73e26c7af866c9c13aa96fd7a81"}
{"timestamp":"2026-07-17T13:12:32Z","tenant_id":"default","action":"GET","key":"api-key","prev_hash":"28b37866087fcfeb6bbbb303d817c8e9f5dca73e26c7af866c9c13aa96fd7a81","hash":"b8756c3c65fd485a7b6112cb3c49b0c25505d9deb64105425241f0973d3a87cc"}
{"timestamp":"2026-07-17T13:12:32Z","tenant_id":"default","action":"ROTATE","key":"","prev_hash":"b8756c3c65fd485a7b6112cb3c49b0c25505d9deb64105425241f0973d3a87cc","hash":"c6084472c306d01b2c8eda9df00b2931d6624e92e6f879a0051b470ff4f17f8a"}
{"timestamp":"2026-07-17T13:12:32Z","tenant_id":"default","action":"GET","key":"api-key","prev_hash":"c6084472c306d01b2c8eda9df00b2931d6624e92e6f879a0051b470ff4f17f8a","hash":"60490a010da46629cd4b750ec24ba6672f5083fc06bf1c4b3f6176a829089d7e"}
{"timestamp":"2026-07-17T13:15:35Z","tenant_id":"default","action":"SET","key":"db-pass","prev_hash":"","hash":"e27078087449359cf25e73c0a09f0d807134b7e35a2b03e66717662ea215a8b6"}
{"timestamp":"2026-07-17T13:15:35Z","tenant_id":"default","action":"GET","key":"db-pass","prev_hash":"e27078087449359cf25e73c0a09f0d807134b7e35a2b03e66717662ea215a8b6","hash":"bb1a838a6966592a1cc2eebb943060aae92832cc2f8eea01cae643bdcadc6e60"}
{"timestamp":"2026-07-17T13:15:35Z","tenant_id":"default","action":"LIST","key":"","prev_hash":"bb1a838a6966592a1cc2eebb943060aae92832cc2f8eea01cae643bdcadc6e60","hash":"0511ab682712167716b257d53acddfe071068c6fe3be19800ddc19a78b814977"}
{"timestamp":"2026-07-17T13:15:35Z","tenant_id":"default","action":"DELETE","key":"db-pass","prev_hash":"0511ab682712167716b257d53acddfe071068c6fe3be19800ddc19a78b814977","hash":"0ddd00a0faefa2da4cea5007ec79a6d03e4a485d5904f578c4f53045333c3b0c"}
{"timestamp":"2026-07-17T13:15:35Z","tenant_id":"default","action":"SET","key":"api-key","prev_hash":"0ddd00a0faefa2da4cea5007ec79a6d03e4a485d5904f578c4f53045333c3b0c","hash":"2f59f95730f2df595f77219424191578ab2dc31a36ad28c9929192d8591fc603"}
{"timestamp":"2026-07-17T13:15:35Z","tenant_id":"default","action":"GET","key":"api-key","prev_hash":"2f59f95730f2df595f77219424191578ab2dc31a36ad28c9929192d8591fc603","hash":"c16c6d9a4b69f22cf3e362b8af254b9f527c161b10ab1bd7059829a51f9dbbe9"}
{"timestamp":"2026-07-17T13:15:35Z","tenant_id":"default","action":"ROTATE","key":"","prev_hash":"c16c6d9a4b69f22cf3e362b8af254b9f527c161b10ab1bd7059829a51f9dbbe9","hash":"015444ab483f4fd59de9ea978d2f203794e0b4efc7fa0d3db33bd8d992733b07"}
{"timestamp":"2026-07-17T13:15:35Z","tenant_id":"default","action":"GET","key":"api-key","prev_hash":"015444ab483f4fd59de9ea978d2f203794e0b4efc7fa0d3db33bd8d992733b07","hash":"6d7db7f3cedafc041d2eb2a6f302a3cdf4a52f25adfdf484f64b99e6ef9df5e3"}
